Copyright 1986-2022 Xilinx, Inc. All Rights Reserved.
-----------------------------------------------------------------------------------------------
| Tool Version : Vivado v.2022.1 (lin64) Build 3526262 Mon Apr 18 15:47:01 MDT 2022
| Date         : Thu Oct  2 14:49:49 2025
| Host         : pae26lx running 64-bit Ubuntu 20.04.6 LTS
| Command      : report_control_sets -verbose -file zedbmg_sys_wrapper_control_sets_placed.rpt
| Design       : zedbmg_sys_wrapper
| Device       : xc7z020
-----------------------------------------------------------------------------------------------

Control Set Information

Table of Contents
-----------------
1. Summary
2. Histogram
3. Flip-Flop Distribution
4. Detailed Control Set Information

1. Summary
----------

+----------------------------------------------------------+-------+
|                          Status                          | Count |
+----------------------------------------------------------+-------+
| Total control sets                                       |    52 |
|    Minimum number of control sets                        |    52 |
|    Addition due to synthesis replication                 |     0 |
|    Addition due to physical synthesis replication        |     0 |
| Unused register locations in slices containing registers |    97 |
+----------------------------------------------------------+-------+
* Control sets can be merged at opt_design using control_set_merge or merge_equivalent_drivers
** Run report_qor_suggestions for automated merging and remapping suggestions


2. Histogram
------------

+--------------------+-------+
|       Fanout       | Count |
+--------------------+-------+
| Total control sets |    52 |
| >= 0 to < 4        |     2 |
| >= 4 to < 6        |     8 |
| >= 6 to < 8        |     1 |
| >= 8 to < 10       |    20 |
| >= 10 to < 12      |     1 |
| >= 12 to < 14      |     1 |
| >= 14 to < 16      |     2 |
| >= 16              |    17 |
+--------------------+-------+
* Control sets can be remapped at either synth_design or opt_design


3. Flip-Flop Distribution
-------------------------

+--------------+-----------------------+------------------------+-----------------+--------------+
| Clock Enable | Synchronous Set/Reset | Asynchronous Set/Reset | Total Registers | Total Slices |
+--------------+-----------------------+------------------------+-----------------+--------------+
| No           | No                    | No                     |             119 |           36 |
| No           | No                    | Yes                    |               0 |            0 |
| No           | Yes                   | No                     |              80 |           32 |
| Yes          | No                    | No                     |             363 |           84 |
| Yes          | No                    | Yes                    |               0 |            0 |
| Yes          | Yes                   | No                     |             189 |           50 |
+--------------+-----------------------+------------------------+-----------------+--------------+


4. Detailed Control Set Information
-----------------------------------

+---------------------------------------------------+------------------------------------------------------------------------------------------------------------------------------------------------------------------+---------------------------------------------------------------------------------------------------------------------------------------------------------+------------------+----------------+--------------+
|                    Clock Signal                   |                                                                           Enable Signal                                                                          |                                                                     Set/Reset Signal                                                                    | Slice Load Count | Bel Load Count | Bels / Slice |
+---------------------------------------------------+------------------------------------------------------------------------------------------------------------------------------------------------------------------+---------------------------------------------------------------------------------------------------------------------------------------------------------+------------------+----------------+--------------+
|  zedbmg_sys_i/processing_system7_0/inst/FCLK_CLK0 | zedbmg_sys_i/ps7_0_axi_periph/s00_couplers/auto_pc/inst/gen_axilite.gen_b2s_conv.axilite_b2s/WR.aw_channel_0/aw_cmd_fsm_0/FSM_sequential_state_reg[0]_1          | zedbmg_sys_i/ps7_0_axi_periph/s00_couplers/auto_pc/inst/gen_axilite.gen_b2s_conv.axilite_b2s/WR.aw_channel_0/aw_cmd_fsm_0/FSM_sequential_state_reg[0]_0 |                1 |              1 |         1.00 |
|  zedbmg_sys_i/processing_system7_0/inst/FCLK_CLK0 | zedbmg_sys_i/ps7_0_axi_periph/s00_couplers/auto_pc/inst/gen_axilite.gen_b2s_conv.axilite_b2s/WR.b_channel_0/bid_fifo_0/sel                                       |                                                                                                                                                         |                1 |              2 |         2.00 |
|  zedbmg_sys_i/processing_system7_0/inst/FCLK_CLK0 | zedbmg_sys_i/ps7_0_axi_periph/s00_couplers/auto_pc/inst/gen_axilite.gen_b2s_conv.axilite_b2s/RD.ar_channel_0/ar_cmd_fsm_0/m_axi_arready_2                        | zedbmg_sys_i/ps7_0_axi_periph/s00_couplers/auto_pc/inst/gen_axilite.gen_b2s_conv.axilite_b2s/RD.ar_channel_0/ar_cmd_fsm_0/FSM_sequential_state_reg[1]_0 |                1 |              4 |         4.00 |
|  zedbmg_sys_i/processing_system7_0/inst/FCLK_CLK0 | zedbmg_sys_i/measdif_0/U0/measdif_v1_0_S00_AXI_inst/adcRX/count                                                                                                  | zedbmg_sys_i/measdif_0/U0/measdif_v1_0_S00_AXI_inst/max_pmod/SR[0]                                                                                      |                2 |              4 |         2.00 |
|  zedbmg_sys_i/processing_system7_0/inst/FCLK_CLK0 | zedbmg_sys_i/measdif_0/U0/measdif_v1_0_S00_AXI_inst/max_pmod/count                                                                                               | zedbmg_sys_i/measdif_0/U0/measdif_v1_0_S00_AXI_inst/max_pmod/SR[0]                                                                                      |                1 |              4 |         4.00 |
|  zedbmg_sys_i/processing_system7_0/inst/FCLK_CLK0 |                                                                                                                                                                  | zedbmg_sys_i/ps7_0_axi_periph/s00_couplers/auto_pc/inst/gen_axilite.gen_b2s_conv.axilite_b2s/SI_REG/ar.ar_pipe/aresetn_d_reg[1]_inv_0                   |                2 |              4 |         2.00 |
|  zedbmg_sys_i/processing_system7_0/inst/FCLK_CLK0 |                                                                                                                                                                  | zedbmg_sys_i/ps7_0_axi_periph/s00_couplers/auto_pc/inst/gen_axilite.gen_b2s_conv.axilite_b2s/SI_REG/aw.aw_pipe/aresetn_d_reg[0]_0                       |                3 |              4 |         1.33 |
|  zedbmg_sys_i/processing_system7_0/inst/FCLK_CLK0 |                                                                                                                                                                  | zedbmg_sys_i/rst_ps7_0_100M/U0/EXT_LPF/lpf_int                                                                                                          |                3 |              4 |         1.33 |
|  zedbmg_sys_i/processing_system7_0/inst/FCLK_CLK0 | zedbmg_sys_i/ps7_0_axi_periph/s00_couplers/auto_pc/inst/gen_axilite.gen_b2s_conv.axilite_b2s/RD.r_channel_0/rd_data_fifo_0/cnt_read[4]_i_1__0_n_0                | zedbmg_sys_i/ps7_0_axi_periph/s00_couplers/auto_pc/inst/gen_axilite.gen_b2s_conv.axilite_b2s/areset_d1                                                  |                2 |              5 |         2.50 |
|  zedbmg_sys_i/processing_system7_0/inst/FCLK_CLK0 | zedbmg_sys_i/ps7_0_axi_periph/s00_couplers/auto_pc/inst/gen_axilite.gen_b2s_conv.axilite_b2s/RD.r_channel_0/transaction_fifo_0/cnt_read[4]_i_1_n_0               | zedbmg_sys_i/ps7_0_axi_periph/s00_couplers/auto_pc/inst/gen_axilite.gen_b2s_conv.axilite_b2s/areset_d1                                                  |                1 |              5 |         5.00 |
|  zedbmg_sys_i/processing_system7_0/inst/FCLK_CLK0 | zedbmg_sys_i/rst_ps7_0_100M/U0/SEQ/seq_cnt_en                                                                                                                    | zedbmg_sys_i/rst_ps7_0_100M/U0/SEQ/SEQ_COUNTER/clear                                                                                                    |                1 |              6 |         6.00 |
|  zedbmg_sys_i/processing_system7_0/inst/FCLK_CLK0 | zedbmg_sys_i/measdif_0/U0/measdif_v1_0_S00_AXI_inst/slv_reg7[31]_i_1_n_0                                                                                         | zedbmg_sys_i/measdif_0/U0/measdif_v1_0_S00_AXI_inst/max_pmod/SR[0]                                                                                      |                2 |              8 |         4.00 |
|  zedbmg_sys_i/processing_system7_0/inst/FCLK_CLK0 | zedbmg_sys_i/measdif_0/U0/measdif_v1_0_S00_AXI_inst/slv_reg1[15]_i_1_n_0                                                                                         | zedbmg_sys_i/measdif_0/U0/measdif_v1_0_S00_AXI_inst/max_pmod/SR[0]                                                                                      |                1 |              8 |         8.00 |
|  zedbmg_sys_i/processing_system7_0/inst/FCLK_CLK0 | zedbmg_sys_i/measdif_0/U0/measdif_v1_0_S00_AXI_inst/slv_reg7[23]_i_1_n_0                                                                                         | zedbmg_sys_i/measdif_0/U0/measdif_v1_0_S00_AXI_inst/max_pmod/SR[0]                                                                                      |                2 |              8 |         4.00 |
|  zedbmg_sys_i/processing_system7_0/inst/FCLK_CLK0 | zedbmg_sys_i/measdif_0/U0/measdif_v1_0_S00_AXI_inst/slv_reg3[15]_i_1_n_0                                                                                         | zedbmg_sys_i/measdif_0/U0/measdif_v1_0_S00_AXI_inst/max_pmod/SR[0]                                                                                      |                1 |              8 |         8.00 |
|  zedbmg_sys_i/processing_system7_0/inst/FCLK_CLK0 | zedbmg_sys_i/ps7_0_axi_periph/s00_couplers/auto_pc/inst/gen_axilite.gen_b2s_conv.axilite_b2s/WR.aw_channel_0/aw_cmd_fsm_0/m_valid_i_reg[0]                       |                                                                                                                                                         |                5 |              8 |         1.60 |
|  zedbmg_sys_i/processing_system7_0/inst/FCLK_CLK0 | zedbmg_sys_i/measdif_0/U0/measdif_v1_0_S00_AXI_inst/slv_reg3[31]_i_1_n_0                                                                                         | zedbmg_sys_i/measdif_0/U0/measdif_v1_0_S00_AXI_inst/max_pmod/SR[0]                                                                                      |                5 |              8 |         1.60 |
|  zedbmg_sys_i/processing_system7_0/inst/FCLK_CLK0 | zedbmg_sys_i/measdif_0/U0/measdif_v1_0_S00_AXI_inst/slv_reg6[31]_i_1_n_0                                                                                         | zedbmg_sys_i/measdif_0/U0/measdif_v1_0_S00_AXI_inst/max_pmod/SR[0]                                                                                      |                1 |              8 |         8.00 |
|  zedbmg_sys_i/processing_system7_0/inst/FCLK_CLK0 | zedbmg_sys_i/ps7_0_axi_periph/s00_couplers/auto_pc/inst/gen_axilite.gen_b2s_conv.axilite_b2s/RD.ar_channel_0/ar_cmd_fsm_0/sel_first_reg[0]                       |                                                                                                                                                         |                2 |              8 |         4.00 |
|  zedbmg_sys_i/processing_system7_0/inst/FCLK_CLK0 | zedbmg_sys_i/measdif_0/U0/measdif_v1_0_S00_AXI_inst/slv_reg3[23]_i_1_n_0                                                                                         | zedbmg_sys_i/measdif_0/U0/measdif_v1_0_S00_AXI_inst/max_pmod/SR[0]                                                                                      |                1 |              8 |         8.00 |
|  zedbmg_sys_i/processing_system7_0/inst/FCLK_CLK0 | zedbmg_sys_i/measdif_0/U0/measdif_v1_0_S00_AXI_inst/slv_reg1[7]_i_1_n_0                                                                                          | zedbmg_sys_i/measdif_0/U0/measdif_v1_0_S00_AXI_inst/max_pmod/SR[0]                                                                                      |                1 |              8 |         8.00 |
|  zedbmg_sys_i/processing_system7_0/inst/FCLK_CLK0 | zedbmg_sys_i/measdif_0/U0/measdif_v1_0_S00_AXI_inst/p_1_in[7]                                                                                                    | zedbmg_sys_i/measdif_0/U0/measdif_v1_0_S00_AXI_inst/max_pmod/SR[0]                                                                                      |                1 |              8 |         8.00 |
|  zedbmg_sys_i/processing_system7_0/inst/FCLK_CLK0 | zedbmg_sys_i/measdif_0/U0/measdif_v1_0_S00_AXI_inst/slv_reg7[15]_i_1_n_0                                                                                         | zedbmg_sys_i/measdif_0/U0/measdif_v1_0_S00_AXI_inst/max_pmod/SR[0]                                                                                      |                2 |              8 |         4.00 |
|  zedbmg_sys_i/processing_system7_0/inst/FCLK_CLK0 | zedbmg_sys_i/measdif_0/U0/measdif_v1_0_S00_AXI_inst/slv_reg6[23]_i_1_n_0                                                                                         | zedbmg_sys_i/measdif_0/U0/measdif_v1_0_S00_AXI_inst/max_pmod/SR[0]                                                                                      |                1 |              8 |         8.00 |
|  zedbmg_sys_i/processing_system7_0/inst/FCLK_CLK0 | zedbmg_sys_i/measdif_0/U0/measdif_v1_0_S00_AXI_inst/slv_reg6[15]_i_1_n_0                                                                                         | zedbmg_sys_i/measdif_0/U0/measdif_v1_0_S00_AXI_inst/max_pmod/SR[0]                                                                                      |                2 |              8 |         4.00 |
|  zedbmg_sys_i/processing_system7_0/inst/FCLK_CLK0 | zedbmg_sys_i/measdif_0/U0/measdif_v1_0_S00_AXI_inst/slv_reg7[7]_i_1_n_0                                                                                          | zedbmg_sys_i/measdif_0/U0/measdif_v1_0_S00_AXI_inst/max_pmod/SR[0]                                                                                      |                1 |              8 |         8.00 |
|  zedbmg_sys_i/processing_system7_0/inst/FCLK_CLK0 | zedbmg_sys_i/ps7_0_axi_periph/s00_couplers/auto_pc/inst/gen_axilite.gen_b2s_conv.axilite_b2s/WR.b_channel_0/mhandshake_r                                         | zedbmg_sys_i/ps7_0_axi_periph/s00_couplers/auto_pc/inst/gen_axilite.gen_b2s_conv.axilite_b2s/WR.b_channel_0/bid_fifo_0/SR[0]                            |                3 |              8 |         2.67 |
|  zedbmg_sys_i/processing_system7_0/inst/FCLK_CLK0 | zedbmg_sys_i/ps7_0_axi_periph/s00_couplers/auto_pc/inst/gen_axilite.gen_b2s_conv.axilite_b2s/WR.aw_channel_0/cmd_translator_0/incr_cmd_0/axaddr_incr[11]_i_1_n_0 |                                                                                                                                                         |                2 |              8 |         4.00 |
|  zedbmg_sys_i/processing_system7_0/inst/FCLK_CLK0 | zedbmg_sys_i/measdif_0/U0/measdif_v1_0_S00_AXI_inst/slv_reg3[7]_i_1_n_0                                                                                          | zedbmg_sys_i/measdif_0/U0/measdif_v1_0_S00_AXI_inst/max_pmod/SR[0]                                                                                      |                1 |              8 |         8.00 |
|  zedbmg_sys_i/processing_system7_0/inst/FCLK_CLK0 | zedbmg_sys_i/measdif_0/U0/measdif_v1_0_S00_AXI_inst/slv_reg6[7]_i_1_n_0                                                                                          | zedbmg_sys_i/measdif_0/U0/measdif_v1_0_S00_AXI_inst/max_pmod/SR[0]                                                                                      |                1 |              8 |         8.00 |
|  zedbmg_sys_i/processing_system7_0/inst/FCLK_CLK0 | zedbmg_sys_i/ps7_0_axi_periph/s00_couplers/auto_pc/inst/gen_axilite.gen_b2s_conv.axilite_b2s/RD.ar_channel_0/ar_cmd_fsm_0/E[0]                                   |                                                                                                                                                         |                2 |              8 |         4.00 |
|  zedbmg_sys_i/processing_system7_0/inst/FCLK_CLK0 |                                                                                                                                                                  | zedbmg_sys_i/ps7_0_axi_periph/s00_couplers/auto_pc/inst/gen_axilite.gen_b2s_conv.axilite_b2s/areset_d1                                                  |                4 |             10 |         2.50 |
|  zedbmg_sys_i/processing_system7_0/inst/FCLK_CLK0 | zedbmg_sys_i/ps7_0_axi_periph/s00_couplers/auto_pc/inst/gen_axilite.gen_b2s_conv.axilite_b2s/RD.r_channel_0/r_push_r                                             |                                                                                                                                                         |                4 |             13 |         3.25 |
|  zedbmg_sys_i/processing_system7_0/inst/FCLK_CLK0 | zedbmg_sys_i/ps7_0_axi_periph/s00_couplers/auto_pc/inst/gen_axilite.gen_b2s_conv.axilite_b2s/SI_REG/b.b_pipe/s_ready_i_reg_0                                     |                                                                                                                                                         |                2 |             14 |         7.00 |
|  zedbmg_sys_i/processing_system7_0/inst/FCLK_CLK0 | zedbmg_sys_i/ps7_0_axi_periph/s00_couplers/auto_pc/inst/gen_axilite.gen_b2s_conv.axilite_b2s/SI_REG/b.b_pipe/p_1_in                                              |                                                                                                                                                         |                2 |             14 |         7.00 |
|  zedbmg_sys_i/processing_system7_0/inst/FCLK_CLK0 | zedbmg_sys_i/measdif_0/U0/measdif_v1_0_S00_AXI_inst/max_pmod/wr_buf[15]                                                                                          |                                                                                                                                                         |                3 |             16 |         5.33 |
|  zedbmg_sys_i/processing_system7_0/inst/FCLK_CLK0 | zedbmg_sys_i/measdif_0/U0/measdif_v1_0_S00_AXI_inst/max_pmod/rd_buf_0                                                                                            |                                                                                                                                                         |                2 |             16 |         8.00 |
|  zedbmg_sys_i/processing_system7_0/inst/FCLK_CLK0 | zedbmg_sys_i/ps7_0_axi_periph/s00_couplers/auto_pc/inst/gen_axilite.gen_b2s_conv.axilite_b2s/WR.aw_channel_0/aw_cmd_fsm_0/m_axi_awready_0                        |                                                                                                                                                         |                3 |             16 |         5.33 |
|  zedbmg_sys_i/processing_system7_0/inst/FCLK_CLK0 | zedbmg_sys_i/ps7_0_axi_periph/s00_couplers/auto_pc/inst/gen_axilite.gen_b2s_conv.axilite_b2s/RD.ar_channel_0/ar_cmd_fsm_0/m_axi_arready_2                        |                                                                                                                                                         |                7 |             17 |         2.43 |
|  zedbmg_sys_i/processing_system7_0/inst/FCLK_CLK0 | zedbmg_sys_i/ps7_0_axi_periph/s00_couplers/auto_pc/inst/gen_axilite.gen_b2s_conv.axilite_b2s/WR.aw_channel_0/aw_cmd_fsm_0/FSM_sequential_state_reg[0]_1          |                                                                                                                                                         |                8 |             20 |         2.50 |
|  zedbmg_sys_i/processing_system7_0/inst/FCLK_CLK0 |                                                                                                                                                                  | zedbmg_sys_i/measdif_0/U0/measdif_v1_0_S00_AXI_inst/iTimer[23]_i_1_n_0                                                                                  |                6 |             25 |         4.17 |
|  zedbmg_sys_i/processing_system7_0/inst/FCLK_CLK0 | zedbmg_sys_i/ps7_0_axi_periph/s00_couplers/auto_pc/inst/gen_axilite.gen_b2s_conv.axilite_b2s/SI_REG/aw.aw_pipe/s_ready_i_reg_0                                   |                                                                                                                                                         |                5 |             28 |         5.60 |
|  zedbmg_sys_i/processing_system7_0/inst/FCLK_CLK0 | zedbmg_sys_i/ps7_0_axi_periph/s00_couplers/auto_pc/inst/gen_axilite.gen_b2s_conv.axilite_b2s/WR.aw_channel_0/aw_cmd_fsm_0/E[0]                                   |                                                                                                                                                         |                5 |             28 |         5.60 |
|  zedbmg_sys_i/processing_system7_0/inst/FCLK_CLK0 | zedbmg_sys_i/ps7_0_axi_periph/s00_couplers/auto_pc/inst/gen_axilite.gen_b2s_conv.axilite_b2s/SI_REG/ar.ar_pipe/s_ready_i_reg_0                                   |                                                                                                                                                         |                7 |             28 |         4.00 |
|  zedbmg_sys_i/processing_system7_0/inst/FCLK_CLK0 | zedbmg_sys_i/ps7_0_axi_periph/s00_couplers/auto_pc/inst/gen_axilite.gen_b2s_conv.axilite_b2s/RD.ar_channel_0/ar_cmd_fsm_0/m_valid_i_reg[0]                       |                                                                                                                                                         |                6 |             28 |         4.67 |
|  zedbmg_sys_i/processing_system7_0/inst/FCLK_CLK0 | zedbmg_sys_i/measdif_0/U0/measdif_v1_0_S00_AXI_inst/slv_reg_rden                                                                                                 | zedbmg_sys_i/measdif_0/U0/measdif_v1_0_S00_AXI_inst/max_pmod/SR[0]                                                                                      |               15 |             32 |         2.13 |
|  zedbmg_sys_i/processing_system7_0/inst/FCLK_CLK0 | zedbmg_sys_i/ps7_0_axi_periph/s00_couplers/auto_pc/inst/gen_axilite.gen_b2s_conv.axilite_b2s/RD.r_channel_0/rd_data_fifo_0/wr_en0                                |                                                                                                                                                         |                8 |             32 |         4.00 |
|  zedbmg_sys_i/processing_system7_0/inst/FCLK_CLK0 | zedbmg_sys_i/measdif_0/U0/measdif_v1_0_S00_AXI_inst/adcRX/rd_buf_0                                                                                               |                                                                                                                                                         |                6 |             32 |         5.33 |
|  zedbmg_sys_i/processing_system7_0/inst/FCLK_CLK0 |                                                                                                                                                                  | zedbmg_sys_i/measdif_0/U0/measdif_v1_0_S00_AXI_inst/max_pmod/SR[0]                                                                                      |               14 |             33 |         2.36 |
|  zedbmg_sys_i/processing_system7_0/inst/FCLK_CLK0 | zedbmg_sys_i/ps7_0_axi_periph/s00_couplers/auto_pc/inst/gen_axilite.gen_b2s_conv.axilite_b2s/SI_REG/r.r_pipe/s_ready_i_reg_0                                     |                                                                                                                                                         |               10 |             45 |         4.50 |
|  zedbmg_sys_i/processing_system7_0/inst/FCLK_CLK0 | zedbmg_sys_i/ps7_0_axi_periph/s00_couplers/auto_pc/inst/gen_axilite.gen_b2s_conv.axilite_b2s/SI_REG/r.r_pipe/p_1_in                                              |                                                                                                                                                         |               10 |             45 |         4.50 |
|  zedbmg_sys_i/processing_system7_0/inst/FCLK_CLK0 |                                                                                                                                                                  |                                                                                                                                                         |               37 |            120 |         3.24 |
+---------------------------------------------------+------------------------------------------------------------------------------------------------------------------------------------------------------------------+---------------------------------------------------------------------------------------------------------------------------------------------------------+------------------+----------------+--------------+


